#
# A fatal error has been detected by the Java Runtime Environment:
#
#  EXCEPTION_ACCESS_VIOLATION (0xc0000005) at pc=0x00007ff85ff5f729, pid=20880, tid=21868
#
# JRE version: OpenJDK Runtime Environment JBR-17.0.11+1-1312.2-nomod (17.0.11+1) (build 17.0.11+1-b1312.2)
# Java VM: OpenJDK 64-Bit Server VM JBR-17.0.11+1-1312.2-nomod (17.0.11+1-b1312.2, mixed mode, sharing, tiered, compressed oops, compressed class ptrs, g1 gc, windows-amd64)
# Problematic frame:
# C  [glfw.dll+0xf729]
#
# No core dump will be written. Minidumps are not enabled by default on client versions of Windows
#
# If you would like to submit a bug report, please visit:
#   https://youtrack.jetbrains.com/issues/JBR
# The crash happened outside the Java Virtual Machine in native code.
# See problematic frame for where to report the bug.
#

---------------  S U M M A R Y ------------

Command Line: -Dfile.encoding=windows-1251 -Duser.country=RU -Duser.language=ru -Duser.variant -ea Main java.library.path=libs

Host: AMD Ryzen 5 1600 Six-Core Processor            , 12 cores, 15G,  Windows 10 , 64 bit Build 19041 (10.0.19041.4597)
Time: Sun Jul 28 04:20:27 2024  Windows 10 , 64 bit Build 19041 (10.0.19041.4597) elapsed time: 0.274370 seconds (0d 0h 0m 0s)

---------------  T H R E A D  ---------------

Current thread (0x000001c6937f9480):  JavaThread "main" [_thread_in_native, id=21868, stack(0x0000000c48d00000,0x0000000c48e00000)]

Stack: [0x0000000c48d00000,0x0000000c48e00000],  sp=0x0000000c48dfefa0,  free space=1019k
Native frames: (J=compiled Java code, j=interpreted, Vv=VM code, C=native code)
C  [glfw.dll+0xf729]

Java frames: (J=compiled Java code, j=interpreted, Vv=VM code)
j  org.lwjgl.system.JNI.invokePV(JJ)V+0
j  org.lwjgl.glfw.GLFW.glfwFocusWindow(J)V+17
j  back.Window.init()V+48
j  back.Window.run()V+15
j  Main.main([Ljava/lang/String;)V+5
v  ~StubRoutines::call_stub

siginfo: EXCEPTION_ACCESS_VIOLATION (0xc0000005), reading address 0x0000000000000359


Registers:
RAX=0x00007ff866191380, RBX=0x0000000000000001, RCX=0x0000000000000001, RDX=0x0000000c48dff068
RSP=0x0000000c48dfefa0, RBP=0x0000000c48dff058, RSI=0x000001c6f600bb18, RDI=0x000001c69fd19520
R8 =0x0000000000000001, R9 =0x00007ff85ff57110, R10=0x000001c69fd1d6b2, R11=0x0000000717bf9d08
R12=0x0000000000000000, R13=0x000001c6f64c4a58, R14=0x0000000c48dff090, R15=0x000001c6937f9480
RIP=0x00007ff85ff5f729, EFLAGS=0x0000000000010206


Register to memory mapping:

RIP=0x00007ff85ff5f729 glfw.dll
RAX=0x00007ff866191380 lwjgl.dll
RBX=0x0000000000000001 is an unknown value
RCX=0x0000000000000001 is an unknown value
RDX=0x0000000c48dff068 is pointing into the stack for thread: 0x000001c6937f9480
RSP=0x0000000c48dfefa0 is pointing into the stack for thread: 0x000001c6937f9480
RBP=0x0000000c48dff058 is pointing into the stack for thread: 0x000001c6937f9480
RSI=0x000001c6f600bb18 is pointing into metadata
RDI=0x000001c69fd19520 is at code_begin+1152 in an Interpreter codelet
return entry points  [0x000001c69fd190a0, 0x000001c69fd19c00]  2912 bytes
R8 =0x0000000000000001 is an unknown value
R9 =0x00007ff85ff57110 glfw.dll
R10=0x000001c69fd1d6b2 is at code_begin+946 in an Interpreter codelet
method entry point (kind = native)  [0x000001c69fd1d300, 0x000001c69fd1dc80]  2432 bytes
R11=0x0000000717bf9d08 is an oop: java.lang.Class 
{0x0000000717bf9d08} - klass: 'java/lang/Class'
 - ---- fields (total size 14 words):
 - private volatile transient 'classRedefinedCount' 'I' @12  0
 - private volatile transient 'cachedConstructor' 'Ljava/lang/reflect/Constructor;' @40  NULL (0)
 - private transient 'name' 'Ljava/lang/String;' @44  "org.lwjgl.system.JNI"{0x0000000717bf9d88} (e2f7f3b1)
 - private transient 'module' 'Ljava/lang/Module;' @48  a 'java/lang/Module'{0x0000000717ee42d8} (e2fdc85b)
 - private final 'classLoader' 'Ljava/lang/ClassLoader;' @52  a 'jdk/internal/loader/ClassLoaders$AppClassLoader'{0x0000000717ee4118} (e2fdc823)
 - private transient 'classData' 'Ljava/lang/Object;' @56  NULL (0)
 - private transient 'packageName' 'Ljava/lang/String;' @60  "org.lwjgl.system"{0x0000000717c17c90} (e2f82f92)
 - private final 'componentType' 'Ljava/lang/Class;' @64  NULL (0)
 - private volatile transient 'reflectionData' 'Ljava/lang/ref/SoftReference;' @68  NULL (0)
 - private volatile transient 'genericInfo' 'Lsun/reflect/generics/repository/ClassRepository;' @72  NULL (0)
 - private volatile transient 'enumConstants' '[Ljava/lang/Object;' @76  NULL (0)
 - private volatile transient 'enumConstantDirectory' 'Ljava/util/Map;' @80  NULL (0)
 - private volatile transient 'annotationData' 'Ljava/lang/Class$AnnotationData;' @84  NULL (0)
 - private volatile transient 'annotationType' 'Lsun/reflect/annotation/AnnotationType;' @88  NULL (0)
 - transient 'classValueMap' 'Ljava/lang/ClassValue$ClassValueMap;' @92  NULL (0)
 - signature: Lorg/lwjgl/system/JNI;
 - fake entry for mirror: 'org/lwjgl/system/JNI'
 - fake entry for array: NULL
 - fake entry for oop_size: 14
 - fake entry for static_oop_field_count: 0
R12=0x0 is NULL
R13={method} {0x000001c6f64c4a60} 'invokePV' '(JJ)V' in 'org/lwjgl/system/JNI'
R14=0x0000000c48dff090 is pointing into the stack for thread: 0x000001c6937f9480
R15=0x000001c6937f9480 is a thread


Top of Stack: (sp=0x0000000c48dfefa0)
0x0000000c48dfefa0:   000001c6f64c4a58 000001c6f64c4a58
0x0000000c48dfefb0:   000001c6937f9480 00007fffc6d9d507
0x0000000c48dfefc0:   000001c6f64c4a58 000001c69fd1d6e1
0x0000000c48dfefd0:   000001c69fd19520 000001c69fd1d3fc
0x0000000c48dfefe0:   000001c6f64c4a58 000001c6f600bb18
0x0000000c48dfeff0:   3ff0000000000000 000001c6937f9480
0x0000000c48dff000:   000001c6f600bb18 000001c69fd1d3b6
0x0000000c48dff010:   0000000c48dff010 000001c6f64c4a58
0x0000000c48dff020:   0000000c48dff090 000001c6f64fddc8
0x0000000c48dff030:   0000000000000000 0000000717bf9d08
0x0000000c48dff040:   000001c6f64c4a58 0000000000000000
0x0000000c48dff050:   0000000c48dff078 0000000c48dff0e0
0x0000000c48dff060:   000001c69fd19520 0000000717bf9d08
0x0000000c48dff070:   000001c69fd1aff8 00007ff85ff57110
0x0000000c48dff080:   0000000000000000 0000000000000001
0x0000000c48dff090:   0000000000000000 0000000c48dff098
0x0000000c48dff0a0:   000001c6f649b6f9 0000000c48dff108
0x0000000c48dff0b0:   000001c6f64a5620 0000000000000000
0x0000000c48dff0c0:   0000000717b936f8 000001c6f649b728
0x0000000c48dff0d0:   0000000c48dff078 0000000c48dff100
0x0000000c48dff0e0:   0000000c48dff158 000001c69fd19520
0x0000000c48dff0f0:   00007ff85ff57110 0000000000000000
0x0000000c48dff100:   0000000000000001 0000000000000000
0x0000000c48dff110:   0000000c48dff110 000001c6f6401820
0x0000000c48dff120:   0000000c48dff168 000001c6f64047e0
0x0000000c48dff130:   0000000000000000 0000000717f188e8
0x0000000c48dff140:   000001c6f64018f8 0000000c48dff100
0x0000000c48dff150:   0000000c48dff168 0000000c48dff1b8
0x0000000c48dff160:   000001c69fd19520 0000000717f1f680
0x0000000c48dff170:   0000000c48dff170 000001c6f640171f
0x0000000c48dff180:   0000000c48dff1c8 000001c6f64047e0
0x0000000c48dff190:   0000000000000000 0000000717f188e8 

Instructions: (pc=0x00007ff85ff5f729)
0x00007ff85ff5f629:   48 ff 25 08 0d 02 00 c3 cc cc cc cc cc cc cc cc
0x00007ff85ff5f639:   cc cc cc cc cc cc cc 40 53 48 83 ec 20 48 83 79
0x00007ff85ff5f649:   50 00 48 8b d9 74 05 e8 cb 2f 00 00 48 8b 83 78
0x00007ff85ff5f659:   02 00 00 48 85 c0 74 05 48 8b cb ff d0 48 39 1d
0x00007ff85ff5f669:   4b a9 06 00 75 08 48 8b cb e8 d9 28 00 00 48 39
0x00007ff85ff5f679:   1d 42 a9 06 00 75 13 33 c9 ff 15 20 0d 02 00 48
0x00007ff85ff5f689:   c7 05 2d a9 06 00 00 00 00 00 48 8b 8b 58 03 00
0x00007ff85ff5f699:   00 48 85 c9 74 42 48 8d 15 6a 63 05 00 ff 15 54
0x00007ff85ff5f6a9:   0d 02 00 83 bb 8c 03 00 00 00 48 8b 8b 58 03 00
0x00007ff85ff5f6b9:   00 74 14 4c 8b 83 90 03 00 00 ba fc ff ff ff ff
0x00007ff85ff5f6c9:   15 7a 0c 02 00 eb 06 ff 15 92 0e 02 00 48 c7 83
0x00007ff85ff5f6d9:   58 03 00 00 00 00 00 00 48 8b 8b 60 03 00 00 48
0x00007ff85ff5f6e9:   85 c9 74 06 ff 15 45 0c 02 00 48 8b 8b 68 03 00
0x00007ff85ff5f6f9:   00 48 85 c9 74 0c 48 83 c4 20 5b 48 ff 25 2d 0c
0x00007ff85ff5f709:   02 00 48 83 c4 20 5b c3 cc cc cc cc cc cc cc cc
0x00007ff85ff5f719:   cc cc cc cc cc cc cc 40 53 48 83 ec 20 48 8b d9
0x00007ff85ff5f729:   48 8b 89 58 03 00 00 ff 15 52 0d 02 00 48 8b 8b
0x00007ff85ff5f739:   58 03 00 00 ff 15 d5 0c 02 00 48 8b 8b 58 03 00
0x00007ff85ff5f749:   00 48 83 c4 20 5b 48 ff 25 fa 0c 02 00 cc cc cc
0x00007ff85ff5f759:   cc cc cc cc cc cc cc 48 83 ec 28 83 b9 80 03 00
0x00007ff85ff5f769:   00 00 74 5f 33 d2 45 33 c0 8d 4a 06 e8 c6 ca ff
0x00007ff85ff5f779:   ff 85 c0 74 4e 48 8d 4c 24 30 ff 15 c7 a8 06 00
0x00007ff85ff5f789:   85 c0 78 3f 83 7c 24 30 00 74 38 45 33 c0 41 8d
0x00007ff85ff5f799:   50 02 8d 4a 04 e8 9d ca ff ff 85 c0 75 1b 48 8d
0x00007ff85ff5f7a9:   54 24 38 48 8d 4c 24 40 ff 15 b1 a8 06 00 85 c0
0x00007ff85ff5f7b9:   78 11 83 7c 24 38 00 75 0a b8 01 00 00 00 48 83
0x00007ff85ff5f7c9:   c4 28 c3 33 c0 48 83 c4 28 c3 cc cc cc cc cc cc
0x00007ff85ff5f7d9:   cc cc cc cc cc cc cc 48 83 ec 28 48 8b 0d 05 9a
0x00007ff85ff5f7e9:   06 00 ff 15 87 0c 02 00 85 c0 75 18 48 8d 15 6c
0x00007ff85ff5f7f9:   63 05 00 b9 08 00 01 00 e8 8a c8 ff ff 33 c0 48
0x00007ff85ff5f809:   83 c4 28 c3 b9 0d 00 00 00 48 89 5c 24 30 ff 15
0x00007ff85ff5f819:   9b 0d 02 00 48 8b d8 48 85 c0 75 23 48 8d 15 5c 


Stack slot to memory mapping:
stack at sp + 0 slots: {method} {0x000001c6f64c4a60} 'invokePV' '(JJ)V' in 'org/lwjgl/system/JNI'
stack at sp + 1 slots: {method} {0x000001c6f64c4a60} 'invokePV' '(JJ)V' in 'org/lwjgl/system/JNI'
stack at sp + 2 slots: 0x000001c6937f9480 is a thread
stack at sp + 3 slots: 0x00007fffc6d9d507 jvm.dll::MethodCounters::MethodCounters + 0xe7
stack at sp + 4 slots: {method} {0x000001c6f64c4a60} 'invokePV' '(JJ)V' in 'org/lwjgl/system/JNI'
stack at sp + 5 slots: 0x000001c69fd1d6e1 is at code_begin+993 in an Interpreter codelet
method entry point (kind = native)  [0x000001c69fd1d300, 0x000001c69fd1dc80]  2432 bytes
stack at sp + 6 slots: 0x000001c69fd19520 is at code_begin+1152 in an Interpreter codelet
return entry points  [0x000001c69fd190a0, 0x000001c69fd19c00]  2912 bytes
stack at sp + 7 slots: 0x000001c69fd1d3fc is at code_begin+252 in an Interpreter codelet
method entry point (kind = native)  [0x000001c69fd1d300, 0x000001c69fd1dc80]  2432 bytes


---------------  P R O C E S S  ---------------

Threads class SMR info:
_java_thread_list=0x000001c6b4a4dea0, length=13, elements={
0x000001c6937f9480, 0x000001c6b44724b0, 0x000001c6b4475140, 0x000001c6b46cc460,
0x000001c6b46ce230, 0x000001c6b46cf000, 0x000001c6b46d09d0, 0x000001c6b46dc450,
0x000001c6b46d1390, 0x000001c6b46d1d90, 0x000001c6b48182f0, 0x000001c6b48216d0,
0x000001c6b4a4e1d0
}

Java Threads: ( => current thread )
=>0x000001c6937f9480 JavaThread "main" [_thread_in_native, id=21868, stack(0x0000000c48d00000,0x0000000c48e00000)]
  0x000001c6b44724b0 JavaThread "Reference Handler" daemon [_thread_blocked, id=22176, stack(0x0000000c49400000,0x0000000c49500000)]
  0x000001c6b4475140 JavaThread "Finalizer" daemon [_thread_blocked, id=21060, stack(0x0000000c49500000,0x0000000c49600000)]
  0x000001c6b46cc460 JavaThread "Signal Dispatcher" daemon [_thread_blocked, id=1232, stack(0x0000000c49600000,0x0000000c49700000)]
  0x000001c6b46ce230 JavaThread "Attach Listener" daemon [_thread_blocked, id=18316, stack(0x0000000c49700000,0x0000000c49800000)]
  0x000001c6b46cf000 JavaThread "Service Thread" daemon [_thread_blocked, id=20184, stack(0x0000000c49800000,0x0000000c49900000)]
  0x000001c6b46d09d0 JavaThread "Monitor Deflation Thread" daemon [_thread_blocked, id=2540, stack(0x0000000c49900000,0x0000000c49a00000)]
  0x000001c6b46dc450 JavaThread "C2 CompilerThread0" daemon [_thread_blocked, id=16868, stack(0x0000000c49a00000,0x0000000c49b00000)]
  0x000001c6b46d1390 JavaThread "C1 CompilerThread0" daemon [_thread_blocked, id=4124, stack(0x0000000c49b00000,0x0000000c49c00000)]
  0x000001c6b46d1d90 JavaThread "Sweeper thread" daemon [_thread_blocked, id=17992, stack(0x0000000c49c00000,0x0000000c49d00000)]
  0x000001c6b48182f0 JavaThread "Notification Thread" daemon [_thread_blocked, id=22252, stack(0x0000000c49d00000,0x0000000c49e00000)]
  0x000001c6b48216d0 JavaThread "Common-Cleaner" daemon [_thread_blocked, id=8016, stack(0x0000000c49f00000,0x0000000c4a000000)]
  0x000001c6b4a4e1d0 JavaThread "C2 CompilerThread1" daemon [_thread_blocked, id=20088, stack(0x0000000c4a000000,0x0000000c4a100000)]

Other Threads:
  0x000001c6b446f9b0 VMThread "VM Thread" [stack: 0x0000000c49300000,0x0000000c49400000] [id=10580]
  0x000001c6b481abf0 WatcherThread [stack: 0x0000000c49e00000,0x0000000c49f00000] [id=2712]
  0x000001c693864ef0 GCTaskThread "GC Thread#0" [stack: 0x0000000c48e00000,0x0000000c48f00000] [id=8764]
  0x000001c6938755c0 ConcurrentGCThread "G1 Main Marker" [stack: 0x0000000c48f00000,0x0000000c49000000] [id=3836]
  0x000001c693876780 ConcurrentGCThread "G1 Conc#0" [stack: 0x0000000c49000000,0x0000000c49100000] [id=14644]
  0x000001c6b43265b0 ConcurrentGCThread "G1 Refine#0" [stack: 0x0000000c49100000,0x0000000c49200000] [id=19300]
  0x000001c6b4326fe0 ConcurrentGCThread "G1 Service" [stack: 0x0000000c49200000,0x0000000c49300000] [id=21372]

Threads with active compile tasks:

VM state: not at safepoint (normal execution)

VM Mutex/Monitor currently owned by a thread: None

Heap address: 0x0000000708800000, size: 3960 MB, Compressed Oops mode: Zero based, Oop shift amount: 3

CDS archive(s) mapped at: [0x000001c6b5000000-0x000001c6b5c00000-0x000001c6b5c00000), size 12582912, SharedBaseAddress: 0x000001c6b5000000, ArchiveRelocationMode: 1.
Compressed class space mapped at: 0x000001c6b6000000-0x000001c6f6000000, reserved size: 1073741824
Narrow klass base: 0x000001c6b5000000, Narrow klass shift: 0, Narrow klass range: 0x100000000

GC Precious Log:
 CPUs: 12 total, 12 available
 Memory: 15834M
 Large Page Support: Disabled
 NUMA Support: Disabled
 Compressed Oops: Enabled (Zero based)
 Heap Region Size: 2M
 Heap Min Capacity: 8M
 Heap Initial Capacity: 248M
 Heap Max Capacity: 3960M
 Pre-touch: Disabled
 Parallel Workers: 10
 Concurrent Workers: 3
 Concurrent Refinement Workers: 10
 Periodic GC: Disabled

Heap:
 garbage-first heap   total 253952K, used 6144K [0x0000000708800000, 0x0000000800000000)
  region size 2048K, 4 young (8192K), 0 survivors (0K)
 Metaspace       used 2747K, committed 2880K, reserved 1114112K
  class space    used 222K, committed 320K, reserved 1048576K

Heap Regions: E=young(eden), S=young(survivor), O=old, HS=humongous(starts), HC=humongous(continues), CS=collection set, F=free, OA=open archive, CA=closed archive, TAMS=top-at-mark-start (previous, next)
|   0|0x0000000708800000, 0x0000000708800000, 0x0000000708a00000|  0%| F|  |TAMS 0x0000000708800000, 0x0000000708800000| Untracked 
|   1|0x0000000708a00000, 0x0000000708a00000, 0x0000000708c00000|  0%| F|  |TAMS 0x0000000708a00000, 0x0000000708a00000| Untracked 
|   2|0x0000000708c00000, 0x0000000708c00000, 0x0000000708e00000|  0%| F|  |TAMS 0x0000000708c00000, 0x0000000708c00000| Untracked 
|   3|0x0000000708e00000, 0x0000000708e00000, 0x0000000709000000|  0%| F|  |TAMS 0x0000000708e00000, 0x0000000708e00000| Untracked 
|   4|0x0000000709000000, 0x0000000709000000, 0x0000000709200000|  0%| F|  |TAMS 0x0000000709000000, 0x0000000709000000| Untracked 
|   5|0x0000000709200000, 0x0000000709200000, 0x0000000709400000|  0%| F|  |TAMS 0x0000000709200000, 0x0000000709200000| Untracked 
|   6|0x0000000709400000, 0x0000000709400000, 0x0000000709600000|  0%| F|  |TAMS 0x0000000709400000, 0x0000000709400000| Untracked 
|   7|0x0000000709600000, 0x0000000709600000, 0x0000000709800000|  0%| F|  |TAMS 0x0000000709600000, 0x0000000709600000| Untracked 
|   8|0x0000000709800000, 0x0000000709800000, 0x0000000709a00000|  0%| F|  |TAMS 0x0000000709800000, 0x0000000709800000| Untracked 
|   9|0x0000000709a00000, 0x0000000709a00000, 0x0000000709c00000|  0%| F|  |TAMS 0x0000000709a00000, 0x0000000709a00000| Untracked 
|  10|0x0000000709c00000, 0x0000000709c00000, 0x0000000709e00000|  0%| F|  |TAMS 0x0000000709c00000, 0x0000000709c00000| Untracked 
|  11|0x0000000709e00000, 0x0000000709e00000, 0x000000070a000000|  0%| F|  |TAMS 0x0000000709e00000, 0x0000000709e00000| Untracked 
|  12|0x000000070a000000, 0x000000070a000000, 0x000000070a200000|  0%| F|  |TAMS 0x000000070a000000, 0x000000070a000000| Untracked 
|  13|0x000000070a200000, 0x000000070a200000, 0x000000070a400000|  0%| F|  |TAMS 0x000000070a200000, 0x000000070a200000| Untracked 
|  14|0x000000070a400000, 0x000000070a400000, 0x000000070a600000|  0%| F|  |TAMS 0x000000070a400000, 0x000000070a400000| Untracked 
|  15|0x000000070a600000, 0x000000070a600000, 0x000000070a800000|  0%| F|  |TAMS 0x000000070a600000, 0x000000070a600000| Untracked 
|  16|0x000000070a800000, 0x000000070a800000, 0x000000070aa00000|  0%| F|  |TAMS 0x000000070a800000, 0x000000070a800000| Untracked 
|  17|0x000000070aa00000, 0x000000070aa00000, 0x000000070ac00000|  0%| F|  |TAMS 0x000000070aa00000, 0x000000070aa00000| Untracked 
|  18|0x000000070ac00000, 0x000000070ac00000, 0x000000070ae00000|  0%| F|  |TAMS 0x000000070ac00000, 0x000000070ac00000| Untracked 
|  19|0x000000070ae00000, 0x000000070ae00000, 0x000000070b000000|  0%| F|  |TAMS 0x000000070ae00000, 0x000000070ae00000| Untracked 
|  20|0x000000070b000000, 0x000000070b000000, 0x000000070b200000|  0%| F|  |TAMS 0x000000070b000000, 0x000000070b000000| Untracked 
|  21|0x000000070b200000, 0x000000070b200000, 0x000000070b400000|  0%| F|  |TAMS 0x000000070b200000, 0x000000070b200000| Untracked 
|  22|0x000000070b400000, 0x000000070b400000, 0x000000070b600000|  0%| F|  |TAMS 0x000000070b400000, 0x000000070b400000| Untracked 
|  23|0x000000070b600000, 0x000000070b600000, 0x000000070b800000|  0%| F|  |TAMS 0x000000070b600000, 0x000000070b600000| Untracked 
|  24|0x000000070b800000, 0x000000070b800000, 0x000000070ba00000|  0%| F|  |TAMS 0x000000070b800000, 0x000000070b800000| Untracked 
|  25|0x000000070ba00000, 0x000000070ba00000, 0x000000070bc00000|  0%| F|  |TAMS 0x000000070ba00000, 0x000000070ba00000| Untracked 
|  26|0x000000070bc00000, 0x000000070bc00000, 0x000000070be00000|  0%| F|  |TAMS 0x000000070bc00000, 0x000000070bc00000| Untracked 
|  27|0x000000070be00000, 0x000000070be00000, 0x000000070c000000|  0%| F|  |TAMS 0x000000070be00000, 0x000000070be00000| Untracked 
|  28|0x000000070c000000, 0x000000070c000000, 0x000000070c200000|  0%| F|  |TAMS 0x000000070c000000, 0x000000070c000000| Untracked 
|  29|0x000000070c200000, 0x000000070c200000, 0x000000070c400000|  0%| F|  |TAMS 0x000000070c200000, 0x000000070c200000| Untracked 
|  30|0x000000070c400000, 0x000000070c400000, 0x000000070c600000|  0%| F|  |TAMS 0x000000070c400000, 0x000000070c400000| Untracked 
|  31|0x000000070c600000, 0x000000070c600000, 0x000000070c800000|  0%| F|  |TAMS 0x000000070c600000, 0x000000070c600000| Untracked 
|  32|0x000000070c800000, 0x000000070c800000, 0x000000070ca00000|  0%| F|  |TAMS 0x000000070c800000, 0x000000070c800000| Untracked 
|  33|0x000000070ca00000, 0x000000070ca00000, 0x000000070cc00000|  0%| F|  |TAMS 0x000000070ca00000, 0x000000070ca00000| Untracked 
|  34|0x000000070cc00000, 0x000000070cc00000, 0x000000070ce00000|  0%| F|  |TAMS 0x000000070cc00000, 0x000000070cc00000| Untracked 
|  35|0x000000070ce00000, 0x000000070ce00000, 0x000000070d000000|  0%| F|  |TAMS 0x000000070ce00000, 0x000000070ce00000| Untracked 
|  36|0x000000070d000000, 0x000000070d000000, 0x000000070d200000|  0%| F|  |TAMS 0x000000070d000000, 0x000000070d000000| Untracked 
|  37|0x000000070d200000, 0x000000070d200000, 0x000000070d400000|  0%| F|  |TAMS 0x000000070d200000, 0x000000070d200000| Untracked 
|  38|0x000000070d400000, 0x000000070d400000, 0x000000070d600000|  0%| F|  |TAMS 0x000000070d400000, 0x000000070d400000| Untracked 
|  39|0x000000070d600000, 0x000000070d600000, 0x000000070d800000|  0%| F|  |TAMS 0x000000070d600000, 0x000000070d600000| Untracked 
|  40|0x000000070d800000, 0x000000070d800000, 0x000000070da00000|  0%| F|  |TAMS 0x000000070d800000, 0x000000070d800000| Untracked 
|  41|0x000000070da00000, 0x000000070da00000, 0x000000070dc00000|  0%| F|  |TAMS 0x000000070da00000, 0x000000070da00000| Untracked 
|  42|0x000000070dc00000, 0x000000070dc00000, 0x000000070de00000|  0%| F|  |TAMS 0x000000070dc00000, 0x000000070dc00000| Untracked 
|  43|0x000000070de00000, 0x000000070de00000, 0x000000070e000000|  0%| F|  |TAMS 0x000000070de00000, 0x000000070de00000| Untracked 
|  44|0x000000070e000000, 0x000000070e000000, 0x000000070e200000|  0%| F|  |TAMS 0x000000070e000000, 0x000000070e000000| Untracked 
|  45|0x000000070e200000, 0x000000070e200000, 0x000000070e400000|  0%| F|  |TAMS 0x000000070e200000, 0x000000070e200000| Untracked 
|  46|0x000000070e400000, 0x000000070e400000, 0x000000070e600000|  0%| F|  |TAMS 0x000000070e400000, 0x000000070e400000| Untracked 
|  47|0x000000070e600000, 0x000000070e600000, 0x000000070e800000|  0%| F|  |TAMS 0x000000070e600000, 0x000000070e600000| Untracked 
|  48|0x000000070e800000, 0x000000070e800000, 0x000000070ea00000|  0%| F|  |TAMS 0x000000070e800000, 0x000000070e800000| Untracked 
|  49|0x000000070ea00000, 0x000000070ea00000, 0x000000070ec00000|  0%| F|  |TAMS 0x000000070ea00000, 0x000000070ea00000| Untracked 
|  50|0x000000070ec00000, 0x000000070ec00000, 0x000000070ee00000|  0%| F|  |TAMS 0x000000070ec00000, 0x000000070ec00000| Untracked 
|  51|0x000000070ee00000, 0x000000070ee00000, 0x000000070f000000|  0%| F|  |TAMS 0x000000070ee00000, 0x000000070ee00000| Untracked 
|  52|0x000000070f000000, 0x000000070f000000, 0x000000070f200000|  0%| F|  |TAMS 0x000000070f000000, 0x000000070f000000| Untracked 
|  53|0x000000070f200000, 0x000000070f200000, 0x000000070f400000|  0%| F|  |TAMS 0x000000070f200000, 0x000000070f200000| Untracked 
|  54|0x000000070f400000, 0x000000070f400000, 0x000000070f600000|  0%| F|  |TAMS 0x000000070f400000, 0x000000070f400000| Untracked 
|  55|0x000000070f600000, 0x000000070f600000, 0x000000070f800000|  0%| F|  |TAMS 0x000000070f600000, 0x000000070f600000| Untracked 
|  56|0x000000070f800000, 0x000000070f800000, 0x000000070fa00000|  0%| F|  |TAMS 0x000000070f800000, 0x000000070f800000| Untracked 
|  57|0x000000070fa00000, 0x000000070fa00000, 0x000000070fc00000|  0%| F|  |TAMS 0x000000070fa00000, 0x000000070fa00000| Untracked 
|  58|0x000000070fc00000, 0x000000070fc00000, 0x000000070fe00000|  0%| F|  |TAMS 0x000000070fc00000, 0x000000070fc00000| Untracked 
|  59|0x000000070fe00000, 0x000000070fe00000, 0x0000000710000000|  0%| F|  |TAMS 0x000000070fe00000, 0x000000070fe00000| Untracked 
|  60|0x0000000710000000, 0x0000000710000000, 0x0000000710200000|  0%| F|  |TAMS 0x0000000710000000, 0x0000000710000000| Untracked 
|  61|0x0000000710200000, 0x0000000710200000, 0x0000000710400000|  0%| F|  |TAMS 0x0000000710200000, 0x0000000710200000| Untracked 
|  62|0x0000000710400000, 0x0000000710400000, 0x0000000710600000|  0%| F|  |TAMS 0x0000000710400000, 0x0000000710400000| Untracked 
|  63|0x0000000710600000, 0x0000000710600000, 0x0000000710800000|  0%| F|  |TAMS 0x0000000710600000, 0x0000000710600000| Untracked 
|  64|0x0000000710800000, 0x0000000710800000, 0x0000000710a00000|  0%| F|  |TAMS 0x0000000710800000, 0x0000000710800000| Untracked 
|  65|0x0000000710a00000, 0x0000000710a00000, 0x0000000710c00000|  0%| F|  |TAMS 0x0000000710a00000, 0x0000000710a00000| Untracked 
|  66|0x0000000710c00000, 0x0000000710c00000, 0x0000000710e00000|  0%| F|  |TAMS 0x0000000710c00000, 0x0000000710c00000| Untracked 
|  67|0x0000000710e00000, 0x0000000710e00000, 0x0000000711000000|  0%| F|  |TAMS 0x0000000710e00000, 0x0000000710e00000| Untracked 
|  68|0x0000000711000000, 0x0000000711000000, 0x0000000711200000|  0%| F|  |TAMS 0x0000000711000000, 0x0000000711000000| Untracked 
|  69|0x0000000711200000, 0x0000000711200000, 0x0000000711400000|  0%| F|  |TAMS 0x0000000711200000, 0x0000000711200000| Untracked 
|  70|0x0000000711400000, 0x0000000711400000, 0x0000000711600000|  0%| F|  |TAMS 0x0000000711400000, 0x0000000711400000| Untracked 
|  71|0x0000000711600000, 0x0000000711600000, 0x0000000711800000|  0%| F|  |TAMS 0x0000000711600000, 0x0000000711600000| Untracked 
|  72|0x0000000711800000, 0x0000000711800000, 0x0000000711a00000|  0%| F|  |TAMS 0x0000000711800000, 0x0000000711800000| Untracked 
|  73|0x0000000711a00000, 0x0000000711a00000, 0x0000000711c00000|  0%| F|  |TAMS 0x0000000711a00000, 0x0000000711a00000| Untracked 
|  74|0x0000000711c00000, 0x0000000711c00000, 0x0000000711e00000|  0%| F|  |TAMS 0x0000000711c00000, 0x0000000711c00000| Untracked 
|  75|0x0000000711e00000, 0x0000000711e00000, 0x0000000712000000|  0%| F|  |TAMS 0x0000000711e00000, 0x0000000711e00000| Untracked 
|  76|0x0000000712000000, 0x0000000712000000, 0x0000000712200000|  0%| F|  |TAMS 0x0000000712000000, 0x0000000712000000| Untracked 
|  77|0x0000000712200000, 0x0000000712200000, 0x0000000712400000|  0%| F|  |TAMS 0x0000000712200000, 0x0000000712200000| Untracked 
|  78|0x0000000712400000, 0x0000000712400000, 0x0000000712600000|  0%| F|  |TAMS 0x0000000712400000, 0x0000000712400000| Untracked 
|  79|0x0000000712600000, 0x0000000712600000, 0x0000000712800000|  0%| F|  |TAMS 0x0000000712600000, 0x0000000712600000| Untracked 
|  80|0x0000000712800000, 0x0000000712800000, 0x0000000712a00000|  0%| F|  |TAMS 0x0000000712800000, 0x0000000712800000| Untracked 
|  81|0x0000000712a00000, 0x0000000712a00000, 0x0000000712c00000|  0%| F|  |TAMS 0x0000000712a00000, 0x0000000712a00000| Untracked 
|  82|0x0000000712c00000, 0x0000000712c00000, 0x0000000712e00000|  0%| F|  |TAMS 0x0000000712c00000, 0x0000000712c00000| Untracked 
|  83|0x0000000712e00000, 0x0000000712e00000, 0x0000000713000000|  0%| F|  |TAMS 0x0000000712e00000, 0x0000000712e00000| Untracked 
|  84|0x0000000713000000, 0x0000000713000000, 0x0000000713200000|  0%| F|  |TAMS 0x0000000713000000, 0x0000000713000000| Untracked 
|  85|0x0000000713200000, 0x0000000713200000, 0x0000000713400000|  0%| F|  |TAMS 0x0000000713200000, 0x0000000713200000| Untracked 
|  86|0x0000000713400000, 0x0000000713400000, 0x0000000713600000|  0%| F|  |TAMS 0x0000000713400000, 0x0000000713400000| Untracked 
|  87|0x0000000713600000, 0x0000000713600000, 0x0000000713800000|  0%| F|  |TAMS 0x0000000713600000, 0x0000000713600000| Untracked 
|  88|0x0000000713800000, 0x0000000713800000, 0x0000000713a00000|  0%| F|  |TAMS 0x0000000713800000, 0x0000000713800000| Untracked 
|  89|0x0000000713a00000, 0x0000000713a00000, 0x0000000713c00000|  0%| F|  |TAMS 0x0000000713a00000, 0x0000000713a00000| Untracked 
|  90|0x0000000713c00000, 0x0000000713c00000, 0x0000000713e00000|  0%| F|  |TAMS 0x0000000713c00000, 0x0000000713c00000| Untracked 
|  91|0x0000000713e00000, 0x0000000713e00000, 0x0000000714000000|  0%| F|  |TAMS 0x0000000713e00000, 0x0000000713e00000| Untracked 
|  92|0x0000000714000000, 0x0000000714000000, 0x0000000714200000|  0%| F|  |TAMS 0x0000000714000000, 0x0000000714000000| Untracked 
|  93|0x0000000714200000, 0x0000000714200000, 0x0000000714400000|  0%| F|  |TAMS 0x0000000714200000, 0x0000000714200000| Untracked 
|  94|0x0000000714400000, 0x0000000714400000, 0x0000000714600000|  0%| F|  |TAMS 0x0000000714400000, 0x0000000714400000| Untracked 
|  95|0x0000000714600000, 0x0000000714600000, 0x0000000714800000|  0%| F|  |TAMS 0x0000000714600000, 0x0000000714600000| Untracked 
|  96|0x0000000714800000, 0x0000000714800000, 0x0000000714a00000|  0%| F|  |TAMS 0x0000000714800000, 0x0000000714800000| Untracked 
|  97|0x0000000714a00000, 0x0000000714a00000, 0x0000000714c00000|  0%| F|  |TAMS 0x0000000714a00000, 0x0000000714a00000| Untracked 
|  98|0x0000000714c00000, 0x0000000714c00000, 0x0000000714e00000|  0%| F|  |TAMS 0x0000000714c00000, 0x0000000714c00000| Untracked 
|  99|0x0000000714e00000, 0x0000000714e00000, 0x0000000715000000|  0%| F|  |TAMS 0x0000000714e00000, 0x0000000714e00000| Untracked 
| 100|0x0000000715000000, 0x0000000715000000, 0x0000000715200000|  0%| F|  |TAMS 0x0000000715000000, 0x0000000715000000| Untracked 
| 101|0x0000000715200000, 0x0000000715200000, 0x0000000715400000|  0%| F|  |TAMS 0x0000000715200000, 0x0000000715200000| Untracked 
| 102|0x0000000715400000, 0x0000000715400000, 0x0000000715600000|  0%| F|  |TAMS 0x0000000715400000, 0x0000000715400000| Untracked 
| 103|0x0000000715600000, 0x0000000715600000, 0x0000000715800000|  0%| F|  |TAMS 0x0000000715600000, 0x0000000715600000| Untracked 
| 104|0x0000000715800000, 0x0000000715800000, 0x0000000715a00000|  0%| F|  |TAMS 0x0000000715800000, 0x0000000715800000| Untracked 
| 105|0x0000000715a00000, 0x0000000715a00000, 0x0000000715c00000|  0%| F|  |TAMS 0x0000000715a00000, 0x0000000715a00000| Untracked 
| 106|0x0000000715c00000, 0x0000000715c00000, 0x0000000715e00000|  0%| F|  |TAMS 0x0000000715c00000, 0x0000000715c00000| Untracked 
| 107|0x0000000715e00000, 0x0000000715e00000, 0x0000000716000000|  0%| F|  |TAMS 0x0000000715e00000, 0x0000000715e00000| Untracked 
| 108|0x0000000716000000, 0x0000000716000000, 0x0000000716200000|  0%| F|  |TAMS 0x0000000716000000, 0x0000000716000000| Untracked 
| 109|0x0000000716200000, 0x0000000716200000, 0x0000000716400000|  0%| F|  |TAMS 0x0000000716200000, 0x0000000716200000| Untracked 
| 110|0x0000000716400000, 0x0000000716400000, 0x0000000716600000|  0%| F|  |TAMS 0x0000000716400000, 0x0000000716400000| Untracked 
| 111|0x0000000716600000, 0x0000000716600000, 0x0000000716800000|  0%| F|  |TAMS 0x0000000716600000, 0x0000000716600000| Untracked 
| 112|0x0000000716800000, 0x0000000716800000, 0x0000000716a00000|  0%| F|  |TAMS 0x0000000716800000, 0x0000000716800000| Untracked 
| 113|0x0000000716a00000, 0x0000000716a00000, 0x0000000716c00000|  0%| F|  |TAMS 0x0000000716a00000, 0x0000000716a00000| Untracked 
| 114|0x0000000716c00000, 0x0000000716c00000, 0x0000000716e00000|  0%| F|  |TAMS 0x0000000716c00000, 0x0000000716c00000| Untracked 
| 115|0x0000000716e00000, 0x0000000716e00000, 0x0000000717000000|  0%| F|  |TAMS 0x0000000716e00000, 0x0000000716e00000| Untracked 
| 116|0x0000000717000000, 0x0000000717000000, 0x0000000717200000|  0%| F|  |TAMS 0x0000000717000000, 0x0000000717000000| Untracked 
| 117|0x0000000717200000, 0x0000000717200000, 0x0000000717400000|  0%| F|  |TAMS 0x0000000717200000, 0x0000000717200000| Untracked 
| 118|0x0000000717400000, 0x0000000717400000, 0x0000000717600000|  0%| F|  |TAMS 0x0000000717400000, 0x0000000717400000| Untracked 
| 119|0x0000000717600000, 0x0000000717600000, 0x0000000717800000|  0%| F|  |TAMS 0x0000000717600000, 0x0000000717600000| Untracked 
| 120|0x0000000717800000, 0x000000071780b080, 0x0000000717a00000|  2%| E|  |TAMS 0x0000000717800000, 0x0000000717800000| Complete 
| 121|0x0000000717a00000, 0x0000000717c00000, 0x0000000717c00000|100%| E|CS|TAMS 0x0000000717a00000, 0x0000000717a00000| Complete 
| 122|0x0000000717c00000, 0x0000000717e00000, 0x0000000717e00000|100%| E|CS|TAMS 0x0000000717c00000, 0x0000000717c00000| Complete 
| 123|0x0000000717e00000, 0x0000000718000000, 0x0000000718000000|100%| E|CS|TAMS 0x0000000717e00000, 0x0000000717e00000| Complete 

Card table byte_map: [0x000001c6a8c20000,0x000001c6a93e0000] _byte_map_base: 0x000001c6a53dc000

Marking Bits (Prev, Next): (CMBitMap*) 0x000001c693865510, (CMBitMap*) 0x000001c693865550
 Prev Bits: [0x000001c6a9ba0000, 0x000001c6ad980000)
 Next Bits: [0x000001c6ad980000, 0x000001c6b1760000)

Polling page: 0x000001c6938b0000

Metaspace:

Usage:
  Non-class:      2.47 MB used.
      Class:    222.60 KB used.
       Both:      2.68 MB used.

Virtual space:
  Non-class space:       64.00 MB reserved,       2.50 MB (  4%) committed,  1 nodes.
      Class space:        1.00 GB reserved,     320.00 KB ( <1%) committed,  1 nodes.
             Both:        1.06 GB reserved,       2.81 MB ( <1%) committed. 

Chunk freelists:
   Non-Class:  11.00 MB
       Class:  15.66 MB
        Both:  26.66 MB

MaxMetaspaceSize: unlimited
CompressedClassSpaceSize: 1.00 GB
Initial GC threshold: 21.00 MB
Current GC threshold: 21.00 MB
CDS: on
MetaspaceReclaimPolicy: balanced
 - commit_granule_bytes: 65536.
 - commit_granule_words: 8192.
 - virtual_space_node_default_size: 8388608.
 - enlarge_chunks_in_place: 1.
 - new_chunks_are_fully_committed: 0.
 - uncommit_free_chunks: 1.
 - use_allocation_guard: 0.
 - handle_deallocations: 1.


Internal statistics:

num_allocs_failed_limit: 0.
num_arena_births: 76.
num_arena_deaths: 0.
num_vsnodes_births: 2.
num_vsnodes_deaths: 0.
num_space_committed: 45.
num_space_uncommitted: 0.
num_chunks_returned_to_freelist: 0.
num_chunks_taken_from_freelist: 136.
num_chunk_merges: 0.
num_chunk_splits: 88.
num_chunks_enlarged: 59.
num_inconsistent_stats: 0.

CodeHeap 'non-profiled nmethods': size=120000Kb used=182Kb max_used=182Kb free=119817Kb
 bounds [0x000001c6a02b0000, 0x000001c6a0520000, 0x000001c6a77e0000]
CodeHeap 'profiled nmethods': size=120000Kb used=797Kb max_used=797Kb free=119202Kb
 bounds [0x000001c6987e0000, 0x000001c698a50000, 0x000001c69fd10000]
CodeHeap 'non-nmethods': size=5760Kb used=1566Kb max_used=1566Kb free=4194Kb
 bounds [0x000001c69fd10000, 0x000001c69ff80000, 0x000001c6a02b0000]
 total_blobs=1535 nmethods=549 adapters=899
 compilation: enabled
              stopped_count=0, restarted_count=0
 full_count=0

Compilation events (20 events):
Event: 0.251 Thread 0x000001c6b46d1390 nmethod 535 0x000001c6988a4710 code [0x000001c6988a48c0, 0x000001c6988a4a88]
Event: 0.251 Thread 0x000001c6b46d1390  536       3       java.lang.reflect.Modifier::isVolatile (13 bytes)
Event: 0.251 Thread 0x000001c6b46d1390 nmethod 536 0x000001c6988a4b90 code [0x000001c6988a4d20, 0x000001c6988a4e78]
Event: 0.252 Thread 0x000001c6b46d1390  539       3       java.lang.Integer::toUnsignedLong (7 bytes)
Event: 0.252 Thread 0x000001c6b46d1390 nmethod 539 0x000001c6988a4f10 code [0x000001c6988a50a0, 0x000001c6988a5198]
Event: 0.252 Thread 0x000001c6b46d1390  540       3       org.lwjgl.system.MemoryUtil::write8 (19 bytes)
Event: 0.252 Thread 0x000001c6b46d1390 nmethod 540 0x000001c6988a5210 code [0x000001c6988a53c0, 0x000001c6988a5618]
Event: 0.252 Thread 0x000001c6b46d1390  541       3       sun.misc.Unsafe::putByte (11 bytes)
Event: 0.252 Thread 0x000001c6b46d1390 nmethod 541 0x000001c6988a5710 code [0x000001c6988a58a0, 0x000001c6988a59b8]
Event: 0.252 Thread 0x000001c6b46d1390  545       3       sun.misc.Unsafe::putInt (11 bytes)
Event: 0.253 Thread 0x000001c6b46d1390 nmethod 545 0x000001c6988a5a90 code [0x000001c6988a5c20, 0x000001c6988a5d38]
Event: 0.253 Thread 0x000001c6b46d1390  546       3       org.lwjgl.system.MemoryUtil::encodeASCIIUnsafe (53 bytes)
Event: 0.253 Thread 0x000001c6b46d1390 nmethod 546 0x000001c6988a5e10 code [0x000001c6988a5fe0, 0x000001c6988a63f8]
Event: 0.253 Thread 0x000001c6b46d1390  547       1       java.security.CodeSource::getLocation (5 bytes)
Event: 0.253 Thread 0x000001c6b46d1390 nmethod 547 0x000001c6a02dc810 code [0x000001c6a02dc9a0, 0x000001c6a02dca78]
Event: 0.258 Thread 0x000001c6b4a4e1d0 nmethod 515% 0x000001c6a02dcb10 code [0x000001c6a02dcca0, 0x000001c6a02dd598]
Event: 0.258 Thread 0x000001c6b46d1390  548       3       java.lang.String::indexOf (18 bytes)
Event: 0.259 Thread 0x000001c6b46d1390 nmethod 548 0x000001c6988a6590 code [0x000001c6988a6760, 0x000001c6988a6a28]
Event: 0.259 Thread 0x000001c6b46d1390  549       3       java.lang.String::indexOf (113 bytes)
Event: 0.259 Thread 0x000001c6b46d1390 nmethod 549 0x000001c6988a6b90 code [0x000001c6988a6dc0, 0x000001c6988a73e8]

GC Heap History (0 events):
No events

Dll operation events (2 events):
Event: 0.007 Loaded shared library C:\Users\mpaas\.jdks\jbr-17.0.11\bin\java.dll
Event: 0.024 Loaded shared library C:\Users\mpaas\.jdks\jbr-17.0.11\bin\jsvml.dll

Deoptimization events (20 events):
Event: 0.173 Thread 0x000001c6937f9480 DEOPT PACKING pc=0x000001c6987e7951 sp=0x0000000c48dfb180
Event: 0.173 Thread 0x000001c6937f9480 DEOPT UNPACKING pc=0x000001c69fd67143 sp=0x0000000c48dfa5f8 mode 0
Event: 0.215 Thread 0x000001c6937f9480 DEOPT PACKING pc=0x000001c698870981 sp=0x0000000c48dfb8a0
Event: 0.215 Thread 0x000001c6937f9480 DEOPT UNPACKING pc=0x000001c69fd67143 sp=0x0000000c48dfad18 mode 0
Event: 0.246 Thread 0x000001c6937f9480 DEOPT PACKING pc=0x000001c698870981 sp=0x0000000c48dfddc0
Event: 0.246 Thread 0x000001c6937f9480 DEOPT UNPACKING pc=0x000001c69fd67143 sp=0x0000000c48dfd238 mode 0
Event: 0.246 Thread 0x000001c6937f9480 DEOPT PACKING pc=0x000001c698870948 sp=0x0000000c48dfddc0
Event: 0.246 Thread 0x000001c6937f9480 DEOPT UNPACKING pc=0x000001c69fd67143 sp=0x0000000c48dfd238 mode 0
Event: 0.247 Thread 0x000001c6937f9480 DEOPT PACKING pc=0x000001c698870981 sp=0x0000000c48dfddc0
Event: 0.247 Thread 0x000001c6937f9480 DEOPT UNPACKING pc=0x000001c69fd67143 sp=0x0000000c48dfd238 mode 0
Event: 0.247 Thread 0x000001c6937f9480 DEOPT PACKING pc=0x000001c698870981 sp=0x0000000c48dfddc0
Event: 0.247 Thread 0x000001c6937f9480 DEOPT UNPACKING pc=0x000001c69fd67143 sp=0x0000000c48dfd238 mode 0
Event: 0.247 Thread 0x000001c6937f9480 DEOPT PACKING pc=0x000001c698870948 sp=0x0000000c48dfddc0
Event: 0.247 Thread 0x000001c6937f9480 DEOPT UNPACKING pc=0x000001c69fd67143 sp=0x0000000c48dfd238 mode 0
Event: 0.247 Thread 0x000001c6937f9480 DEOPT PACKING pc=0x000001c698870981 sp=0x0000000c48dfddc0
Event: 0.247 Thread 0x000001c6937f9480 DEOPT UNPACKING pc=0x000001c69fd67143 sp=0x0000000c48dfd238 mode 0
Event: 0.247 Thread 0x000001c6937f9480 DEOPT PACKING pc=0x000001c698870948 sp=0x0000000c48dfddc0
Event: 0.247 Thread 0x000001c6937f9480 DEOPT UNPACKING pc=0x000001c69fd67143 sp=0x0000000c48dfd238 mode 0
Event: 0.247 Thread 0x000001c6937f9480 DEOPT PACKING pc=0x000001c698870948 sp=0x0000000c48dfddc0
Event: 0.247 Thread 0x000001c6937f9480 DEOPT UNPACKING pc=0x000001c69fd67143 sp=0x0000000c48dfd238 mode 0

Classes unloaded (0 events):
No events

Classes redefined (0 events):
No events

Internal exceptions (16 events):
Event: 0.124 Thread 0x000001c6937f9480 Exception <a 'java/lang/NoSuchMethodError'{0x0000000717c8a920}: 'java.lang.Object java.lang.invoke.DirectMethodHandle$Holder.invokeStaticInit(java.lang.Object)'> (0x0000000717c8a920) 
thrown [s\src\hotspot\share\interpreter\linkResolver.cpp, line 771]
Event: 0.132 Thread 0x000001c6937f9480 Exception <a 'java/lang/NoSuchMethodError'{0x0000000717cd1bf0}: 'void java.lang.invoke.DirectMethodHandle$Holder.invokeStatic(java.lang.Object, java.lang.Object)'> (0x0000000717cd1bf0) 
thrown [s\src\hotspot\share\interpreter\linkResolver.cpp, line 771]
Event: 0.133 Thread 0x000001c6937f9480 Exception <a 'java/lang/NoSuchMethodError'{0x0000000717cd7438}: 'void java.lang.invoke.DirectMethodHandle$Holder.invokeSpecial(java.lang.Object, java.lang.Object, java.lang.Object)'> (0x0000000717cd7438) 
thrown [s\src\hotspot\share\interpreter\linkResolver.cpp, line 771]
Event: 0.135 Thread 0x000001c6937f9480 Exception <a 'java/lang/NoSuchMethodError'{0x0000000717ce93b8}: 'java.lang.Object java.lang.invoke.DirectMethodHandle$Holder.invokeStatic(java.lang.Object, java.lang.Object, int)'> (0x0000000717ce93b8) 
thrown [s\src\hotspot\share\interpreter\linkResolver.cpp, line 771]
Event: 0.136 Thread 0x000001c6937f9480 Exception <a 'java/lang/NoSuchMethodError'{0x0000000717cf50a8}: 'void java.lang.invoke.DelegatingMethodHandle$Holder.delegate(java.lang.Object, java.lang.Object, int, java.lang.Object)'> (0x0000000717cf50a8) 
thrown [s\src\hotspot\share\interpreter\linkResolver.cpp, line 771]
Event: 0.136 Thread 0x000001c6937f9480 Exception <a 'java/lang/NoSuchMethodError'{0x0000000717cf92e8}: 'int java.lang.invoke.DirectMethodHandle$Holder.invokeSpecial(java.lang.Object, java.lang.Object, java.lang.Object)'> (0x0000000717cf92e8) 
thrown [s\src\hotspot\share\interpreter\linkResolver.cpp, line 771]
Event: 0.156 Thread 0x000001c6937f9480 Exception <a 'sun/nio/fs/WindowsException'{0x0000000717d30fc0}> (0x0000000717d30fc0) 
thrown [s\src\hotspot\share\prims\jni.cpp, line 531]
Event: 0.156 Thread 0x000001c6937f9480 Exception <a 'sun/nio/fs/WindowsException'{0x0000000717d31538}> (0x0000000717d31538) 
thrown [s\src\hotspot\share\prims\jni.cpp, line 531]
Event: 0.220 Thread 0x000001c6937f9480 Exception <a 'java/lang/NoSuchMethodError'{0x0000000717af42d0}: 'int java.lang.invoke.DirectMethodHandle$Holder.invokeStaticInit(java.lang.Object, java.lang.Object, int, long)'> (0x0000000717af42d0) 
thrown [s\src\hotspot\share\interpreter\linkResolver.cpp, line 771]
Event: 0.221 Thread 0x000001c6937f9480 Exception <a 'java/lang/NoSuchMethodError'{0x0000000717af9b98}: 'java.lang.Object java.lang.invoke.DirectMethodHandle$Holder.newInvokeSpecial(java.lang.Object, java.lang.Object, int)'> (0x0000000717af9b98) 
thrown [s\src\hotspot\share\interpreter\linkResolver.cpp, line 771]
Event: 0.222 Thread 0x000001c6937f9480 Exception <a 'java/lang/NoSuchMethodError'{0x0000000717b08590}: 'int java.lang.invoke.DirectMethodHandle$Holder.invokeStaticInit(java.lang.Object, java.lang.Object, long, long)'> (0x0000000717b08590) 
thrown [s\src\hotspot\share\interpreter\linkResolver.cpp, line 771]
Event: 0.223 Thread 0x000001c6937f9480 Exception <a 'java/lang/NoSuchMethodError'{0x0000000717b0e318}: 'java.lang.Object java.lang.invoke.DirectMethodHandle$Holder.newInvokeSpecial(java.lang.Object, java.lang.Object, long)'> (0x0000000717b0e318) 
thrown [s\src\hotspot\share\interpreter\linkResolver.cpp, line 771]
Event: 0.223 Thread 0x000001c6937f9480 Exception <a 'java/lang/NoSuchMethodError'{0x0000000717b11be0}: 'java.lang.Object java.lang.invoke.Invokers$Holder.linkToTargetMethod(java.lang.Object, long, java.lang.Object)'> (0x0000000717b11be0) 
thrown [s\src\hotspot\share\interpreter\linkResolver.cpp, line 771]
Event: 0.224 Thread 0x000001c6937f9480 Exception <a 'java/lang/NoSuchMethodError'{0x0000000717b190b0}: 'int java.lang.invoke.DirectMethodHandle$Holder.invokeStaticInit(java.lang.Object, java.lang.Object, java.lang.Object, long)'> (0x0000000717b190b0) 
thrown [s\src\hotspot\share\interpreter\linkResolver.cpp, line 771]
Event: 0.242 Thread 0x000001c6937f9480 Exception <a 'sun/nio/fs/WindowsException'{0x0000000717bb5d60}> (0x0000000717bb5d60) 
thrown [s\src\hotspot\share\prims\jni.cpp, line 531]
Event: 0.242 Thread 0x000001c6937f9480 Exception <a 'sun/nio/fs/WindowsException'{0x0000000717bb60f0}> (0x0000000717bb60f0) 
thrown [s\src\hotspot\share\prims\jni.cpp, line 531]

VM Operations (2 events):
Event: 0.091 Executing VM operation: HandshakeAllThreads
Event: 0.091 Executing VM operation: HandshakeAllThreads done

Events (20 events):
Event: 0.218 loading class jdk/internal/reflect/UnsafeQualifiedStaticFieldAccessorImpl
Event: 0.218 loading class jdk/internal/reflect/UnsafeQualifiedStaticFieldAccessorImpl done
Event: 0.218 loading class jdk/internal/reflect/UnsafeQualifiedStaticObjectFieldAccessorImpl done
Event: 0.219 loading class java/util/function/LongPredicate
Event: 0.219 loading class java/util/function/LongPredicate done
Event: 0.220 Thread 0x000001c6b4a4e1d0 Thread added: 0x000001c6b4a4e1d0
Event: 0.221 loading class jdk/internal/access/foreign/MemorySegmentProxy
Event: 0.221 loading class jdk/internal/access/foreign/MemorySegmentProxy done
Event: 0.224 loading class java/nio/InvalidMarkException
Event: 0.224 loading class java/nio/InvalidMarkException done
Event: 0.224 loading class java/nio/BufferUnderflowException
Event: 0.224 loading class java/nio/BufferUnderflowException done
Event: 0.232 loading class java/util/Formatter$FixedString
Event: 0.232 loading class java/util/Formatter$FixedString done
Event: 0.241 loading class jdk/internal/misc/ScopedMemoryAccess$Scope
Event: 0.241 loading class jdk/internal/misc/ScopedMemoryAccess$Scope done
Event: 0.242 loading class java/lang/NoSuchFieldError
Event: 0.242 loading class java/lang/NoSuchFieldError done
Event: 0.249 loading class jdk/internal/reflect/UnsafeQualifiedStaticIntegerFieldAccessorImpl
Event: 0.249 loading class jdk/internal/reflect/UnsafeQualifiedStaticIntegerFieldAccessorImpl done


Dynamic libraries:
0x00007ff600ef0000 - 0x00007ff600efa000 	C:\Users\mpaas\.jdks\jbr-17.0.11\bin\java.exe
0x00007ff89c6d0000 - 0x00007ff89c8c8000 	C:\Windows\SYSTEM32\ntdll.dll
0x00007ff89c240000 - 0x00007ff89c301000 	C:\Windows\System32\KERNEL32.DLL
0x00007ff899e60000 - 0x00007ff89a156000 	C:\Windows\System32\KERNELBASE.dll
0x00007ff89a160000 - 0x00007ff89a260000 	C:\Windows\System32\ucrtbase.dll
0x00007ff8938c0000 - 0x00007ff8938d7000 	C:\Users\mpaas\.jdks\jbr-17.0.11\bin\jli.dll
0x00007ff872c10000 - 0x00007ff872c2b000 	C:\Users\mpaas\.jdks\jbr-17.0.11\bin\VCRUNTIME140.dll
0x00007ff89c4f0000 - 0x00007ff89c68f000 	C:\Windows\System32\USER32.dll
0x00007ff89a570000 - 0x00007ff89a592000 	C:\Windows\System32\win32u.dll
0x00007ff889330000 - 0x00007ff8895ca000 	C:\Windows\WinSxS\amd64_microsoft.windows.common-controls_6595b64144ccf1df_6.0.19041.4355_none_60b8b9eb71f62e16\COMCTL32.dll
0x00007ff89b920000 - 0x00007ff89b94b000 	C:\Windows\System32\GDI32.dll
0x00007ff89b7c0000 - 0x00007ff89b85e000 	C:\Windows\System32\msvcrt.dll
0x00007ff89a300000 - 0x00007ff89a417000 	C:\Windows\System32\gdi32full.dll
0x00007ff89a420000 - 0x00007ff89a4bd000 	C:\Windows\System32\msvcp_win.dll
0x00007ff89c3b0000 - 0x00007ff89c3df000 	C:\Windows\System32\IMM32.DLL
0x00007ff896b10000 - 0x00007ff896b1c000 	C:\Users\mpaas\.jdks\jbr-17.0.11\bin\vcruntime140_1.dll
0x00007ff85c310000 - 0x00007ff85c39d000 	C:\Users\mpaas\.jdks\jbr-17.0.11\bin\msvcp140.dll
0x00007fffc6760000 - 0x00007fffc73e3000 	C:\Users\mpaas\.jdks\jbr-17.0.11\bin\server\jvm.dll
0x00007ff89b860000 - 0x00007ff89b910000 	C:\Windows\System32\ADVAPI32.dll
0x00007ff89c310000 - 0x00007ff89c3b0000 	C:\Windows\System32\sechost.dll
0x00007ff89aaf0000 - 0x00007ff89ac13000 	C:\Windows\System32\RPCRT4.dll
0x00007ff89a2d0000 - 0x00007ff89a2f7000 	C:\Windows\System32\bcrypt.dll
0x00007ff8996d0000 - 0x00007ff89971b000 	C:\Windows\SYSTEM32\POWRPROF.dll
0x00007ff8972d0000 - 0x00007ff8972d9000 	C:\Windows\SYSTEM32\WSOCK32.dll
0x00007ff893160000 - 0x00007ff89316a000 	C:\Windows\SYSTEM32\VERSION.dll
0x00007ff890e60000 - 0x00007ff890e87000 	C:\Windows\SYSTEM32\WINMM.dll
0x00007ff89b750000 - 0x00007ff89b7bb000 	C:\Windows\System32\WS2_32.dll
0x00007ff899560000 - 0x00007ff899572000 	C:\Windows\SYSTEM32\UMPDC.dll
0x00007ff897c20000 - 0x00007ff897c32000 	C:\Windows\SYSTEM32\kernel.appcore.dll
0x00007ff893890000 - 0x00007ff89389a000 	C:\Users\mpaas\.jdks\jbr-17.0.11\bin\jimage.dll
0x00007ff8905e0000 - 0x00007ff8907c4000 	C:\Windows\SYSTEM32\DBGHELP.DLL
0x00007ff874d20000 - 0x00007ff874d54000 	C:\Windows\SYSTEM32\dbgcore.DLL
0x00007ff899d80000 - 0x00007ff899e02000 	C:\Windows\System32\bcryptPrimitives.dll
0x00007ff86c650000 - 0x00007ff86c675000 	C:\Users\mpaas\.jdks\jbr-17.0.11\bin\java.dll
0x00007ff857550000 - 0x00007ff857627000 	C:\Users\mpaas\.jdks\jbr-17.0.11\bin\jsvml.dll
0x00007ff89afe0000 - 0x00007ff89b74c000 	C:\Windows\System32\SHELL32.dll
0x00007ff897e20000 - 0x00007ff8985be000 	C:\Windows\SYSTEM32\windows.storage.dll
0x00007ff89a780000 - 0x00007ff89aad3000 	C:\Windows\System32\combase.dll
0x00007ff8997a0000 - 0x00007ff8997ce000 	C:\Windows\SYSTEM32\Wldp.dll
0x00007ff89c030000 - 0x00007ff89c0fd000 	C:\Windows\System32\OLEAUT32.dll
0x00007ff89ba80000 - 0x00007ff89bb2d000 	C:\Windows\System32\SHCORE.dll
0x00007ff89ac90000 - 0x00007ff89ace5000 	C:\Windows\System32\shlwapi.dll
0x00007ff899cb0000 - 0x00007ff899cd4000 	C:\Windows\SYSTEM32\profapi.dll
0x00007ff872750000 - 0x00007ff872768000 	C:\Users\mpaas\.jdks\jbr-17.0.11\bin\zip.dll
0x00007ff8725a0000 - 0x00007ff8725b9000 	C:\Users\mpaas\.jdks\jbr-17.0.11\bin\net.dll
0x00007ff8932d0000 - 0x00007ff8933da000 	C:\Windows\SYSTEM32\WINHTTP.dll
0x00007ff899490000 - 0x00007ff8994fa000 	C:\Windows\system32\mswsock.dll
0x00007ff8720e0000 - 0x00007ff8720f6000 	C:\Users\mpaas\.jdks\jbr-17.0.11\bin\nio.dll
0x00007ff866190000 - 0x00007ff86620b000 	C:\Users\mpaas\AppData\Local\Temp\lwjgl_mpaas\3.3.3-snapshot\x64\lwjgl.dll
0x00007ff85ff50000 - 0x00007ff85ffd2000 	C:\Users\mpaas\AppData\Local\Temp\lwjgl_mpaas\3.3.3-snapshot\x64\glfw.dll
0x00007ff871280000 - 0x00007ff8712c5000 	C:\Windows\SYSTEM32\dinput8.dll
0x00007ff884eb0000 - 0x00007ff884ec1000 	C:\Windows\SYSTEM32\xinput1_4.dll
0x00007ff899e10000 - 0x00007ff899e5e000 	C:\Windows\System32\cfgmgr32.dll
0x00007ff899b00000 - 0x00007ff899b33000 	C:\Windows\SYSTEM32\DEVOBJ.dll
0x00007ff897a40000 - 0x00007ff897a6f000 	C:\Windows\SYSTEM32\dwmapi.dll
0x00007ff87e0b0000 - 0x00007ff87e202000 	C:\Windows\SYSTEM32\inputhost.dll
0x00007ff8953e0000 - 0x00007ff895537000 	C:\Windows\SYSTEM32\wintypes.dll
0x00007ff8968e0000 - 0x00007ff8969d6000 	C:\Windows\SYSTEM32\PROPSYS.dll
0x00007ff896090000 - 0x00007ff8963eb000 	C:\Windows\SYSTEM32\CoreUIComponents.dll
0x00007ff8963f0000 - 0x00007ff8964e2000 	C:\Windows\SYSTEM32\CoreMessaging.dll
0x00007ff898e70000 - 0x00007ff898ea3000 	C:\Windows\SYSTEM32\ntmarta.dll
0x00007ff897740000 - 0x00007ff8977de000 	C:\Windows\system32\uxtheme.dll
0x00007ff89aec0000 - 0x00007ff89afd4000 	C:\Windows\System32\MSCTF.dll

dbghelp: loaded successfully - version: 4.0.5 - missing functions: none
symbol engine: initialized successfully - sym options: 0x614 - pdb path: .;C:\Users\mpaas\.jdks\jbr-17.0.11\bin;C:\Windows\SYSTEM32;C:\Windows\WinSxS\amd64_microsoft.windows.common-controls_6595b64144ccf1df_6.0.19041.4355_none_60b8b9eb71f62e16;C:\Users\mpaas\.jdks\jbr-17.0.11\bin\server;C:\Users\mpaas\AppData\Local\Temp\lwjgl_mpaas\3.3.3-snapshot\x64

VM Arguments:
jvm_args: -Dfile.encoding=windows-1251 -Duser.country=RU -Duser.language=ru -Duser.variant -ea 
java_command: Main java.library.path=libs
java_class_path (initial): C:\Users\mpaas\IdeaProjects\MazeGame\build\classes\java\main;C:\Users\mpaas\IdeaProjects\MazeGame\build\resources\main;C:\Users\mpaas\IdeaProjects\MazeGame\libs\imgui-app-1.86.11-all.jar;C:\Users\mpaas\IdeaProjects\MazeGame\libs\imgui-app-1.86.11-javadoc.jar;C:\Users\mpaas\IdeaProjects\MazeGame\libs\imgui-app-1.86.11-sources.jar;C:\Users\mpaas\IdeaProjects\MazeGame\libs\imgui-app-1.86.11.jar;C:\Users\mpaas\IdeaProjects\MazeGame\libs\imgui-binding-1.86.11-javadoc.jar;C:\Users\mpaas\IdeaProjects\MazeGame\libs\imgui-binding-1.86.11-sources.jar;C:\Users\mpaas\IdeaProjects\MazeGame\libs\imgui-binding-1.86.11.jar;C:\Users\mpaas\IdeaProjects\MazeGame\libs\imgui-lwjgl3-1.86.11-javadoc.jar;C:\Users\mpaas\IdeaProjects\MazeGame\libs\imgui-lwjgl3-1.86.11-sources.jar;C:\Users\mpaas\IdeaProjects\MazeGame\libs\imgui-lwjgl3-1.86.11.jar;C:\Users\mpaas\.gradle\caches\modules-2\files-2.1\com.google.code.gson\gson\2.11.0\527175ca6d81050b53bdd4c457a6d6e017626b0e\gson-2.11.0.jar;C:\Users\mpaas\.gradle\caches\modules-2\files-2.1\org.lwjgl\lwjgl-assimp\3.2.3\f62aa07a20afbdd3097efc296c4841e0d29700eb\lwjgl-assimp-3.2.3.jar;C:\Users\mpaas\.gradle\caches\modules-2\files-2.1\org.lwjgl\lwjgl-assimp\3.2.3\4e60aeb75f0343c4a9ede4ef8b6b32ca702a00a3\lwjgl-assimp-3.2.3-natives-windows.jar;C:\Users\mpaas\.gradle\caches\modules-2\files-2.1\org.lwjgl\lwjgl-glfw\3.2.3\5e520d5c290c8b012545a8d34fa5db5ab051ea53\lwjgl-glfw-3.2.3.jar;C:\Users\mpaas\.gradle\caches\modules-2\files-2.1\org.lwjgl\lwjgl-glfw\3.2.3\b4d8a3477cdc2edcf7a5f1e822926be846223f54\lwjgl-glfw-3.2.3-natives-windows.jar;C:\Users\mpaas\.gradle\caches\modules-2\files-2.1\org.lwjgl\lwjgl-nfd\3.2.3\c44fee1043c022cf6614a28872d44cf114ca7737\lwjgl-nfd-3.2.3.jar;C:\Users\mpaas\.gradle\caches\modules-2\files-2.1\org.lwjgl\lwjgl-nfd\3.2.3\32782f5f5c57769efb82af864e70b819c77bc891\lwjgl-nfd-3.2.3-natives-windows.jar;C:\Users\mpaas\.gradle\caches\modules-2\files-2.1\org.lwjgl\lwjgl-openal\3.2.3\106742e805803ab9eab8e343f0fb31a3d2
Launcher Type: SUN_STANDARD

[Global flags]
     intx CICompilerCount                          = 4                                         {product} {ergonomic}
     uint ConcGCThreads                            = 3                                         {product} {ergonomic}
     uint G1ConcRefinementThreads                  = 10                                        {product} {ergonomic}
   size_t G1HeapRegionSize                         = 2097152                                   {product} {ergonomic}
    uintx GCDrainStackTargetSize                   = 64                                        {product} {ergonomic}
   size_t InitialHeapSize                          = 260046848                                 {product} {ergonomic}
   size_t MarkStackSize                            = 4194304                                   {product} {ergonomic}
   size_t MaxHeapSize                              = 4152360960                                {product} {ergonomic}
   size_t MaxNewSize                               = 2491416576                                {product} {ergonomic}
   size_t MinHeapDeltaBytes                        = 2097152                                   {product} {ergonomic}
   size_t MinHeapSize                              = 8388608                                   {product} {ergonomic}
    uintx NonNMethodCodeHeapSize                   = 5839372                                {pd product} {ergonomic}
    uintx NonProfiledCodeHeapSize                  = 122909434                              {pd product} {ergonomic}
    uintx ProfiledCodeHeapSize                     = 122909434                              {pd product} {ergonomic}
    uintx ReservedCodeCacheSize                    = 251658240                              {pd product} {ergonomic}
     bool SegmentedCodeCache                       = true                                      {product} {ergonomic}
   size_t SoftMaxHeapSize                          = 4152360960                             {manageable} {ergonomic}
     bool UseCompressedClassPointers               = true                           {product lp64_product} {ergonomic}
     bool UseCompressedOops                        = true                           {product lp64_product} {ergonomic}
     bool UseG1GC                                  = true                                      {product} {ergonomic}
     bool UseLargePagesIndividualAllocation        = false                                  {pd product} {ergonomic}

Logging:
Log output configuration:
 #0: stdout all=warning uptime,level,tags
 #1: stderr all=off uptime,level,tags

Environment Variables:
PATH=C:\Program Files (x86)\Common Files\Oracle\Java\java8path;C:\Program Files (x86)\Common Files\Oracle\Java\javapath;C:\Program Files\NVIDIA GPU Computing Toolkit\CUDA\v12.5\bin;C:\Program Files\NVIDIA GPU Computing Toolkit\CUDA\v12.5\libnvvp;C:\Windows\system32;C:\Windows;C:\Windows\System32\Wbem;C:\Windows\System32\WindowsPowerShell\v1.0\;C:\Program Files\NVIDIA Corporation\NVIDIA App\NvDLISR;C:\Program Files (x86)\NVIDIA Corporation\PhysX\Common;C:\Program Files\dotnet\;C:\Windows\System32\OpenSSH\;C:\Program Files\PuTTY\;C:\ProgramData\chocolatey\bin;C:\Program Files\CMake\bin;C:\Program Files (x86)\Windows Kits\10\Windows Performance Toolkit\;C:\Program Files\NVIDIA Corporation\Nsight Compute 2024.2.0\;D:\anacodna_data\condabin;D:\Programs\golang\bin;C:\Program Files\Git\cmd;C:\Users\mpaas\AppData\Local\Microsoft\WindowsApps;;C:\Program Files\JetBrains\IntelliJ IDEA Community Edition 2024.1\bin;;C:\Users\mpaas\AppData\Local\Programs\Microsoft VS Code\bin;C:\Users\mpaas\go\bin
USERNAME=mpaas
OS=Windows_NT
PROCESSOR_IDENTIFIER=AMD64 Family 23 Model 8 Stepping 2, AuthenticAMD
TMP=C:\Users\mpaas\AppData\Local\Temp
TEMP=C:\Users\mpaas\AppData\Local\Temp



Periodic native trim disabled

JNI global refs:
JNI global refs: 10, weak refs: 0

JNI global refs memory usage: 843, weak refs: 841

Process memory usage:
Resident Set Size: 76868K (0% of 16214136K total physical memory with 5792864K free physical memory)

OOME stack traces (most recent first):
Classloader memory used:
Loader bootstrap                                                                       : 217K
Loader jdk.internal.loader.ClassLoaders$AppClassLoader                                 : 125K


---------------  S Y S T E M  ---------------

OS:
 Windows 10 , 64 bit Build 19041 (10.0.19041.4597)
OS uptime: 3 days 2:28 hours

CPU: total 12 (initial active 12) (12 cores per cpu, 2 threads per core) family 23 model 8 stepping 2 microcode 0x0, cx8, cmov, fxsr, ht, mmx, 3dnowpref, sse, sse2, sse3, ssse3, sse4a, sse4.1, sse4.2, popcnt, lzcnt, tsc, tscinvbit, avx, avx2, aes, clmul, bmi1, bmi2, adx, sha, fma, vzeroupper, clflush, clflushopt
Processor Information for all 12 processors :
  Max Mhz: 3200, Current Mhz: 3200, Mhz Limit: 3200

Memory: 4k page, system-wide physical 15834M (5655M free)
TotalPageFile size 25050M (AvailPageFile size 6585M)
current process WorkingSet (physical memory assigned to process): 75M, peak: 75M
current process commit charge ("private bytes"): 369M, peak: 369M

vm_info: OpenJDK 64-Bit Server VM (17.0.11+1-b1312.2) for windows-amd64 JRE (17.0.11+1-b1312.2), built on 2024-06-08 by "builduser" with MS VC++ 16.10 / 16.11 (VS2019)

END.
